Determining if the pthread_create exist failed with the following output:
Change Dir: /home/neo/ros/ros_serial/build/CMakeFiles/CMakeTmp

Run Build Command:"/usr/bin/make" "cmTC_713ea/fast"
/usr/bin/make -f CMakeFiles/cmTC_713ea.dir/build.make CMakeFiles/cmTC_713ea.dir/build
make[1]: Entering directory '/home/neo/ros/ros_serial/build/CMakeFiles/CMakeTmp'
Building C object CMakeFiles/cmTC_713ea.dir/CheckSymbolExists.c.o
/usr/bin/cc     -o CMakeFiles/cmTC_713ea.dir/CheckSymbolExists.c.o   -c /home/neo/ros/ros_serial/build/CMakeFiles/CMakeTmp/CheckSymbolExists.c
Linking C executable cmTC_713ea
/usr/bin/cmake -E cmake_link_script CMakeFiles/cmTC_713ea.dir/link.txt --verbose=1
/usr/bin/cc       CMakeFiles/cmTC_713ea.dir/CheckSymbolExists.c.o  -o cmTC_713ea -rdynamic 
CMakeFiles/cmTC_713ea.dir/CheckSymbolExists.c.o: In function `main':
CheckSymbolExists.c:(.text+0x16): undefined reference to `pthread_create'
collect2: error: ld returned 1 exit status
CMakeFiles/cmTC_713ea.dir/build.make:97: recipe for target 'cmTC_713ea' failed
make[1]: *** [cmTC_713ea] Error 1
make[1]: Leaving directory '/home/neo/ros/ros_serial/build/CMakeFiles/CMakeTmp'
Makefile:126: recipe for target 'cmTC_713ea/fast' failed
make: *** [cmTC_713ea/fast] Error 2

File /home/neo/ros/ros_serial/build/CMakeFiles/CMakeTmp/CheckSymbolExists.c:
/* */
#include <pthread.h>

int main(int argc, char** argv)
{
  (void)argv;
#ifndef pthread_create
  return ((int*)(&pthread_create))[argc];
#else
  (void)argc;
  return 0;
#endif
}

Determining if the function pthread_create exists in the pthreads failed with the following output:
Change Dir: /home/neo/ros/ros_serial/build/CMakeFiles/CMakeTmp

Run Build Command:"/usr/bin/make" "cmTC_a2358/fast"
/usr/bin/make -f CMakeFiles/cmTC_a2358.dir/build.make CMakeFiles/cmTC_a2358.dir/build
make[1]: Entering directory '/home/neo/ros/ros_serial/build/CMakeFiles/CMakeTmp'
Building C object CMakeFiles/cmTC_a2358.dir/CheckFunctionExists.c.o
/usr/bin/cc    -DCHECK_FUNCTION_EXISTS=pthread_create   -o CMakeFiles/cmTC_a2358.dir/CheckFunctionExists.c.o   -c /usr/share/cmake-3.5/Modules/CheckFunctionExists.c
Linking C executable cmTC_a2358
/usr/bin/cmake -E cmake_link_script CMakeFiles/cmTC_a2358.dir/link.txt --verbose=1
/usr/bin/cc   -DCHECK_FUNCTION_EXISTS=pthread_create    CMakeFiles/cmTC_a2358.dir/CheckFunctionExists.c.o  -o cmTC_a2358 -rdynamic -lpthreads 
/usr/bin/ld: cannot find -lpthreads
collect2: error: ld returned 1 exit status
CMakeFiles/cmTC_a2358.dir/build.make:97: recipe for target 'cmTC_a2358' failed
make[1]: *** [cmTC_a2358] Error 1
make[1]: Leaving directory '/home/neo/ros/ros_serial/build/CMakeFiles/CMakeTmp'
Makefile:126: recipe for target 'cmTC_a2358/fast' failed
make: *** [cmTC_a2358/fast] Error 2


