Determining if the pthread_create exist failed with the following output:
Change Dir: /home/neo/ros/ros_cam/build/CMakeFiles/CMakeTmp

Run Build Command:"/usr/bin/make" "cmTC_8400a/fast"
/usr/bin/make -f CMakeFiles/cmTC_8400a.dir/build.make CMakeFiles/cmTC_8400a.dir/build
make[1]: Entering directory '/home/neo/ros/ros_cam/build/CMakeFiles/CMakeTmp'
Building C object CMakeFiles/cmTC_8400a.dir/CheckSymbolExists.c.o
/usr/bin/cc     -o CMakeFiles/cmTC_8400a.dir/CheckSymbolExists.c.o   -c /home/neo/ros/ros_cam/build/CMakeFiles/CMakeTmp/CheckSymbolExists.c
Linking C executable cmTC_8400a
/usr/bin/cmake -E cmake_link_script CMakeFiles/cmTC_8400a.dir/link.txt --verbose=1
/usr/bin/cc       CMakeFiles/cmTC_8400a.dir/CheckSymbolExists.c.o  -o cmTC_8400a -rdynamic 
CMakeFiles/cmTC_8400a.dir/CheckSymbolExists.c.o: In function `main':
CheckSymbolExists.c:(.text+0x16): undefined reference to `pthread_create'
collect2: error: ld returned 1 exit status
CMakeFiles/cmTC_8400a.dir/build.make:97: recipe for target 'cmTC_8400a' failed
make[1]: *** [cmTC_8400a] Error 1
make[1]: Leaving directory '/home/neo/ros/ros_cam/build/CMakeFiles/CMakeTmp'
Makefile:126: recipe for target 'cmTC_8400a/fast' failed
make: *** [cmTC_8400a/fast] Error 2

File /home/neo/ros/ros_cam/build/CMakeFiles/CMakeTmp/CheckSymbolExists.c:
/* */
#include <pthread.h>

int main(int argc, char** argv)
{
  (void)argv;
#ifndef pthread_create
  return ((int*)(&pthread_create))[argc];
#else
  (void)argc;
  return 0;
#endif
}

Determining if the function pthread_create exists in the pthreads failed with the following output:
Change Dir: /home/neo/ros/ros_cam/build/CMakeFiles/CMakeTmp

Run Build Command:"/usr/bin/make" "cmTC_6fe56/fast"
/usr/bin/make -f CMakeFiles/cmTC_6fe56.dir/build.make CMakeFiles/cmTC_6fe56.dir/build
make[1]: Entering directory '/home/neo/ros/ros_cam/build/CMakeFiles/CMakeTmp'
Building C object CMakeFiles/cmTC_6fe56.dir/CheckFunctionExists.c.o
/usr/bin/cc    -DCHECK_FUNCTION_EXISTS=pthread_create   -o CMakeFiles/cmTC_6fe56.dir/CheckFunctionExists.c.o   -c /usr/share/cmake-3.5/Modules/CheckFunctionExists.c
Linking C executable cmTC_6fe56
/usr/bin/cmake -E cmake_link_script CMakeFiles/cmTC_6fe56.dir/link.txt --verbose=1
/usr/bin/cc   -DCHECK_FUNCTION_EXISTS=pthread_create    CMakeFiles/cmTC_6fe56.dir/CheckFunctionExists.c.o  -o cmTC_6fe56 -rdynamic -lpthreads 
/usr/bin/ld: cannot find -lpthreads
collect2: error: ld returned 1 exit status
CMakeFiles/cmTC_6fe56.dir/build.make:97: recipe for target 'cmTC_6fe56' failed
make[1]: *** [cmTC_6fe56] Error 1
make[1]: Leaving directory '/home/neo/ros/ros_cam/build/CMakeFiles/CMakeTmp'
Makefile:126: recipe for target 'cmTC_6fe56/fast' failed
make: *** [cmTC_6fe56/fast] Error 2


